R1	goodLoop	rigid		1	1	1		1
R1	goodLoop	wc		1	1	1		1
R1	goodLoop	rigid	M	12	12	1		12
R1	goodLoop	wc	M	12	12	1		12
R1	goodLoop	rigid	M,M	144	144	1		144
R1	goodLoop	wc	M,M	144	144	1		144
R1	goodLoop	rigid	B1	4	4	1		4
R1	goodLoop	wc	B1	4	4	1		4
R1	goodLoop	rigid	B2	4	4	1		4
R1	goodLoop	wc	B2	4	4	1		4
R1	goodLoop	rigid	W	4	4	1		4
R1	goodLoop	wc	W	4	4	1		4
R1	goodLoop	rigid	M,M,M	1728	1728	1		1728
R1	goodLoop	wc	M,M,M	1728	1728	1		1728
R1	goodLoop	rigid	B1,B1	16	16	1		16
R1	goodLoop	wc	B1,B1	16	16	1		16
R1	goodLoop	rigid	B1,B1,B1	64	64	1		64
R1	goodLoop	wc	B1,B1,B1	64	64	1		64
R1	goodLoop	rigid	B2,B2	16	16	1		16
R1	goodLoop	wc	B2,B2	16	16	1		16
R1	goodLoop	rigid	B2,B2,B2	64	64	1		64
R1	goodLoop	wc	B2,B2,B2	64	64	1		64
R1	goodLoop	rigid	M,B1,B1	192	192	1		192
R1	goodLoop	wc	M,B1,B1	192	192	1		192
R1	goodLoop	rigid	M,B1	48	48	1		48
R1	goodLoop	wc	M,B1	48	48	1		48
R1	goodLoop	rigid	M,M,B1	576	576	1		576
R1	goodLoop	wc	M,M,B1	576	576	1		576
R1	goodLoop	rigid	B2,M,M	576	576	1		576
R1	goodLoop	wc	B2,M,M	576	576	1		576
R1	goodLoop	rigid	B2,M	48	48	1		48
R1	goodLoop	wc	B2,M	48	48	1		48
R1	goodLoop	rigid	B2,B2,M	192	192	1		192
R1	goodLoop	wc	B2,B2,M	192	192	1		192
