R1	goodLoop	rigid	B1	4	4	10		40
R1	goodLoop	wc	B1	4	4	10		40
R1	goodLoop	rigid	B2	4	4	10		40
R1	goodLoop	wc	B2	4	4	10		40
R1	goodLoop	rigid	M,B1	48	48	10		480
R1	goodLoop	wc	M,B1	48	48	10		480
R1	goodLoop	rigid	M,B2	48	48	10		480
R1	goodLoop	wc	M,B2	48	48	10		480
R1	goodLoop	rigid		1	1	10		10
R1	badLoop	rigid		1	1	10		10
R1	goodLoop	wc		1	1	10		10
R1	badLoop	wc		1	1	10		10
R1	goodLoop	rigid	M	12	12	10		120
R1	badLoop	rigid	M	12	12	10		120
R1	goodLoop	wc	M	12	12	10		120
R1	badLoop	wc	M	12	12	10		120
R1	goodLoop	rigid	M,M	144	64	10		640
R1	badLoop	rigid	M,M	144	64	10		640
R1	goodLoop	wc	M,M	144	64	10		640
R1	badLoop	wc	M,M	144	64	10		640
R1	goodLoop	rigid	W	4	4	10		40
R1	badLoop	rigid	W	4	4	10		40
R1	goodLoop	wc	W	4	4	10		40
R1	badLoop	wc	W	4	4	10		40
R1	goodLoop	rigid	M,M,M	1728	64	10		640
R1	badLoop	rigid	M,M,M	1728	64	10		640
R1	goodLoop	wc	M,M,M	1728	64	10		640
R1	badLoop	wc	M,M,M	1728	64	10		640
R1	goodLoop	rigid	B1,B1	16	16	10		160
R1	badLoop	rigid	B1,B1	16	16	10		160
R1	goodLoop	wc	B1,B1	16	16	10		160
R1	badLoop	wc	B1,B1	16	16	10		160
R1	goodLoop	rigid	B1,B1,B1	64	64	10		640
R1	badLoop	rigid	B1,B1,B1	64	64	10		640
R1	goodLoop	wc	B1,B1,B1	64	64	10		640
R1	badLoop	wc	B1,B1,B1	64	64	10		640
R1	goodLoop	rigid	B2,B2	16	16	10		160
R1	badLoop	rigid	B2,B2	16	16	10		160
R1	goodLoop	wc	B2,B2	16	16	10		160
R1	badLoop	wc	B2,B2	16	16	10		160
R1	goodLoop	rigid	B2,B2,B2	64	64	10		640
R1	badLoop	rigid	B2,B2,B2	64	64	10		640
R1	goodLoop	wc	B2,B2,B2	64	64	10		640
R1	badLoop	wc	B2,B2,B2	64	64	10		640
R1	goodLoop	rigid	M,B1,B1	192	64	10		640
R1	badLoop	rigid	M,B1,B1	192	64	10		640
R1	goodLoop	wc	M,B1,B1	192	64	10		640
R1	badLoop	wc	M,B1,B1	192	64	10		640
R1	goodLoop	rigid	M,M,B1	576	64	10		640
R1	badLoop	rigid	M,M,B1	576	64	10		640
R1	goodLoop	wc	M,M,B1	576	64	10		640
R1	badLoop	wc	M,M,B1	576	64	10		640
R1	goodLoop	rigid	B2,M,M	576	64	10		640
R1	badLoop	rigid	B2,M,M	576	64	10		640
R1	goodLoop	wc	B2,M,M	576	64	10		640
R1	badLoop	wc	B2,M,M	576	64	10		640
R1	goodLoop	rigid	B2,B2,M	192	64	10		640
R1	badLoop	rigid	B2,B2,M	192	64	10		640
R1	goodLoop	wc	B2,B2,M	192	64	10		640
R1	badLoop	wc	B2,B2,M	192	64	10		640
