R1	goodLoop	h02		1	1	1		1
R1	goodLoop	h06		1	1	1		1
R1	goodLoop	h08		1	1	1		1
R1	goodLoop	h10		1	1	1		1
R1	goodLoop	h12		1	1	1		1
R1	goodLoop	h14		1	1	1		1
R1	goodLoop	h16		1	1	1		1
R1	goodLoop	h21		1	1	1		1
R1	goodLoop	h25		1	1	1		1
R1	goodLoop	h28		1	1	1		1
R1	goodLoop	h02	M	12	12	1		12
R1	goodLoop	h06	M	12	12	1		12
R1	goodLoop	h08	M	12	12	1		12
R1	goodLoop	h10	M	12	12	1		12
R1	goodLoop	h12	M	12	12	1		12
R1	goodLoop	h14	M	12	12	1		12
R1	goodLoop	h16	M	12	12	1		12
R1	goodLoop	h21	M	12	12	1		12
R1	goodLoop	h25	M	12	12	1		12
R1	goodLoop	h28	M	12	12	1		12
R1	goodLoop	h02	M,M	144	12	1		12
R1	goodLoop	h06	M,M	144	12	1		12
R1	goodLoop	h08	M,M	144	12	1		12
R1	goodLoop	h10	M,M	144	12	1		12
R1	goodLoop	h12	M,M	144	12	1		12
R1	goodLoop	h14	M,M	144	12	1		12
R1	goodLoop	h16	M,M	144	12	1		12
R1	goodLoop	h21	M,M	144	12	1		12
R1	goodLoop	h25	M,M	144	12	1		12
R1	goodLoop	h28	M,M	144	12	1		12
R1	goodLoop	h02	B1	4	4	1		4
R1	goodLoop	h06	B1	4	4	1		4
R1	goodLoop	h08	B1	4	4	1		4
R1	goodLoop	h10	B1	4	4	1		4
R1	goodLoop	h12	B1	4	4	1		4
R1	goodLoop	h14	B1	4	4	1		4
R1	goodLoop	h16	B1	4	4	1		4
R1	goodLoop	h21	B1	4	4	1		4
R1	goodLoop	h25	B1	4	4	1		4
R1	goodLoop	h28	B1	4	4	1		4
R1	goodLoop	h02	B2	4	4	1		4
R1	goodLoop	h06	B2	4	4	1		4
R1	goodLoop	h08	B2	4	4	1		4
R1	goodLoop	h10	B2	4	4	1		4
R1	goodLoop	h12	B2	4	4	1		4
R1	goodLoop	h14	B2	4	4	1		4
R1	goodLoop	h16	B2	4	4	1		4
R1	goodLoop	h21	B2	4	4	1		4
R1	goodLoop	h25	B2	4	4	1		4
R1	goodLoop	h28	B2	4	4	1		4
R1	goodLoop	h02	M,M,M	1728	12	1		12
R1	goodLoop	h06	M,M,M	1728	12	1		12
R1	goodLoop	h08	M,M,M	1728	12	1		12
R1	goodLoop	h10	M,M,M	1728	12	1		12
R1	goodLoop	h12	M,M,M	1728	12	1		12
R1	goodLoop	h14	M,M,M	1728	12	1		12
R1	goodLoop	h16	M,M,M	1728	12	1		12
R1	goodLoop	h21	M,M,M	1728	12	1		12
R1	goodLoop	h25	M,M,M	1728	12	1		12
R1	goodLoop	h28	M,M,M	1728	12	1		12
R1	goodLoop	h02	B1,B1	16	12	1		12
R1	goodLoop	h06	B1,B1	16	12	1		12
R1	goodLoop	h08	B1,B1	16	12	1		12
R1	goodLoop	h10	B1,B1	16	12	1		12
R1	goodLoop	h12	B1,B1	16	12	1		12
R1	goodLoop	h14	B1,B1	16	12	1		12
R1	goodLoop	h16	B1,B1	16	12	1		12
R1	goodLoop	h21	B1,B1	16	12	1		12
R1	goodLoop	h25	B1,B1	16	12	1		12
R1	goodLoop	h28	B1,B1	16	12	1		12
R1	goodLoop	h02	B1,B1,B1	64	12	1		12
R1	goodLoop	h06	B1,B1,B1	64	12	1		12
R1	goodLoop	h08	B1,B1,B1	64	12	1		12
R1	goodLoop	h10	B1,B1,B1	64	12	1		12
R1	goodLoop	h12	B1,B1,B1	64	12	1		12
R1	goodLoop	h14	B1,B1,B1	64	12	1		12
R1	goodLoop	h16	B1,B1,B1	64	12	1		12
R1	goodLoop	h21	B1,B1,B1	64	12	1		12
R1	goodLoop	h25	B1,B1,B1	64	12	1		12
R1	goodLoop	h28	B1,B1,B1	64	12	1		12
R1	goodLoop	h02	B2,B2	16	12	1		12
R1	goodLoop	h06	B2,B2	16	12	1		12
R1	goodLoop	h08	B2,B2	16	12	1		12
R1	goodLoop	h10	B2,B2	16	12	1		12
R1	goodLoop	h12	B2,B2	16	12	1		12
R1	goodLoop	h14	B2,B2	16	12	1		12
R1	goodLoop	h16	B2,B2	16	12	1		12
R1	goodLoop	h21	B2,B2	16	12	1		12
R1	goodLoop	h25	B2,B2	16	12	1		12
R1	goodLoop	h28	B2,B2	16	12	1		12
R1	goodLoop	h02	B2,B2,B2	64	12	1		12
R1	goodLoop	h06	B2,B2,B2	64	12	1		12
R1	goodLoop	h08	B2,B2,B2	64	12	1		12
R1	goodLoop	h10	B2,B2,B2	64	12	1		12
R1	goodLoop	h12	B2,B2,B2	64	12	1		12
R1	goodLoop	h14	B2,B2,B2	64	12	1		12
R1	goodLoop	h16	B2,B2,B2	64	12	1		12
R1	goodLoop	h21	B2,B2,B2	64	12	1		12
R1	goodLoop	h25	B2,B2,B2	64	12	1		12
R1	goodLoop	h28	B2,B2,B2	64	12	1		12
R1	goodLoop	h02	M,B1,B1	192	12	1		12
R1	goodLoop	h06	M,B1,B1	192	12	1		12
R1	goodLoop	h08	M,B1,B1	192	12	1		12
R1	goodLoop	h10	M,B1,B1	192	12	1		12
R1	goodLoop	h12	M,B1,B1	192	12	1		12
R1	goodLoop	h14	M,B1,B1	192	12	1		12
R1	goodLoop	h16	M,B1,B1	192	12	1		12
R1	goodLoop	h21	M,B1,B1	192	12	1		12
R1	goodLoop	h25	M,B1,B1	192	12	1		12
R1	goodLoop	h28	M,B1,B1	192	12	1		12
R1	goodLoop	h02	M,B1	48	12	1		12
R1	goodLoop	h06	M,B1	48	12	1		12
R1	goodLoop	h08	M,B1	48	12	1		12
R1	goodLoop	h10	M,B1	48	12	1		12
R1	goodLoop	h12	M,B1	48	12	1		12
R1	goodLoop	h14	M,B1	48	12	1		12
R1	goodLoop	h16	M,B1	48	12	1		12
R1	goodLoop	h21	M,B1	48	12	1		12
R1	goodLoop	h25	M,B1	48	12	1		12
R1	goodLoop	h28	M,B1	48	12	1		12
R1	goodLoop	h02	M,M,B1	576	12	1		12
R1	goodLoop	h06	M,M,B1	576	12	1		12
R1	goodLoop	h08	M,M,B1	576	12	1		12
R1	goodLoop	h10	M,M,B1	576	12	1		12
R1	goodLoop	h12	M,M,B1	576	12	1		12
R1	goodLoop	h14	M,M,B1	576	12	1		12
R1	goodLoop	h16	M,M,B1	576	12	1		12
R1	goodLoop	h21	M,M,B1	576	12	1		12
R1	goodLoop	h25	M,M,B1	576	12	1		12
R1	goodLoop	h28	M,M,B1	576	12	1		12
R1	goodLoop	h02	B2,M,M	576	12	1		12
R1	goodLoop	h06	B2,M,M	576	12	1		12
R1	goodLoop	h08	B2,M,M	576	12	1		12
R1	goodLoop	h10	B2,M,M	576	12	1		12
R1	goodLoop	h12	B2,M,M	576	12	1		12
R1	goodLoop	h14	B2,M,M	576	12	1		12
R1	goodLoop	h16	B2,M,M	576	12	1		12
R1	goodLoop	h21	B2,M,M	576	12	1		12
R1	goodLoop	h25	B2,M,M	576	12	1		12
R1	goodLoop	h28	B2,M,M	576	12	1		12
R1	goodLoop	h02	B2,M	48	12	1		12
R1	goodLoop	h06	B2,M	48	12	1		12
R1	goodLoop	h08	B2,M	48	12	1		12
R1	goodLoop	h10	B2,M	48	12	1		12
R1	goodLoop	h12	B2,M	48	12	1		12
R1	goodLoop	h14	B2,M	48	12	1		12
R1	goodLoop	h16	B2,M	48	12	1		12
R1	goodLoop	h21	B2,M	48	12	1		12
R1	goodLoop	h25	B2,M	48	12	1		12
R1	goodLoop	h28	B2,M	48	12	1		12
R1	goodLoop	h02	B2,B2,M	192	12	1		12
R1	goodLoop	h06	B2,B2,M	192	12	1		12
R1	goodLoop	h08	B2,B2,M	192	12	1		12
R1	goodLoop	h10	B2,B2,M	192	12	1		12
R1	goodLoop	h12	B2,B2,M	192	12	1		12
R1	goodLoop	h14	B2,B2,M	192	12	1		12
R1	goodLoop	h16	B2,B2,M	192	12	1		12
R1	goodLoop	h21	B2,B2,M	192	12	1		12
R1	goodLoop	h25	B2,B2,M	192	12	1		12
R1	goodLoop	h28	B2,B2,M	192	12	1		12
